2021-11-04T17:39:45.097Z [BoilerPlate] [31merror[39m: ORA-12170: TNS:Connect timeout occurred
2021-11-04T17:42:11.342Z [BoilerPlate] [31merror[39m: ORA-12170: TNS:Connect timeout occurred
2021-11-04T17:42:20.493Z [BoilerPlate] [31merror[39m: NJS-077: Oracle Client library has already been initialized
2021-11-04T17:42:23.278Z [BoilerPlate] [31merror[39m: NJS-077: Oracle Client library has already been initialized
2021-11-04T21:58:24.656Z [BoilerPlate] [31merror[39m: NJS-077: Oracle Client library has already been initialized
2021-11-04T21:58:30.796Z [BoilerPlate] [31merror[39m: NJS-077: Oracle Client library has already been initialized
2021-11-04T22:01:44.070Z [BoilerPlate] [31merror[39m: NJS-077: Oracle Client library has already been initialized
2021-11-07T08:19:03.235Z [BoilerPlate] [31merror[39m: NJS-077: Oracle Client library has already been initialized
2021-11-07T08:40:30.672Z [BoilerPlate] [31merror[39m: NJS-077: Oracle Client library has already been initialized
2021-11-07T10:35:55.274Z [BoilerPlate] [31merror[39m: NJS-077: Oracle Client library has already been initialized
2021-11-07T12:12:44.989Z [BoilerPlate] [31merror[39m: ORA-00904: "UNDEFINED": invalid identifier
2021-11-07T12:13:42.858Z [BoilerPlate] [31merror[39m: ORA-00904: "UNDEFINED": invalid identifier
2021-11-07T12:16:20.315Z [BoilerPlate] [31merror[39m: ORA-00904: "UNDEFINED": invalid identifier
2021-11-07T12:28:23.354Z [BoilerPlate] [31merror[39m: ORA-00904: "UNDEFINED": invalid identifier
2021-11-07T12:29:16.872Z [BoilerPlate] [31merror[39m: NJS-077: Oracle Client library has already been initialized
2021-11-07T12:29:40.699Z [BoilerPlate] [31merror[39m: ORA-00904: "UNDEFINED": invalid identifier
2021-11-07T12:30:12.312Z [BoilerPlate] [31merror[39m: ORA-00904: "UNDEFINED": invalid identifier
2021-11-07T15:29:00.423Z [BoilerPlate] [31merror[39m: NJS-077: Oracle Client library has already been initialized
2021-11-07T15:30:16.957Z [BoilerPlate] [31merror[39m: ORA-00904: "UNDEFINED": invalid identifier
2021-11-07T15:30:43.987Z [BoilerPlate] [31merror[39m: NJS-077: Oracle Client library has already been initialized
2021-11-07T18:34:33.333Z [BoilerPlate] [31merror[39m: ORA-00904: "MAHBUB123": invalid identifier
2021-11-07T19:13:12.482Z [BoilerPlate] [31merror[39m: ORA-12170: TNS:Connect timeout occurred
2021-11-07T19:19:04.483Z [BoilerPlate] [31merror[39m: ORA-12170: TNS:Connect timeout occurred
2021-11-07T19:20:19.295Z [BoilerPlate] [31merror[39m: ORA-00904: "MAHBUB123": invalid identifier
2021-11-07T19:57:42.012Z [BoilerPlate] [31merror[39m: ORA-00904: "MAHBUB123": invalid identifier
2021-11-07T19:57:50.468Z [BoilerPlate] [31merror[39m: NJS-077: Oracle Client library has already been initialized
2021-11-07T20:01:44.443Z [BoilerPlate] [31merror[39m: ORA-00904: "MAHBUB123": invalid identifier
2021-11-07T20:02:07.445Z [BoilerPlate] [31merror[39m: ORA-00904: "MAHBUB123": invalid identifier
2021-11-07T20:14:18.943Z [BoilerPlate] [31merror[39m: ORA-00904: "MAHBUB123": invalid identifier
2021-11-07T20:17:30.923Z [BoilerPlate] [31merror[39m: ORA-00904: "MAHBUB123": invalid identifier
2021-11-07T20:19:59.735Z [BoilerPlate] [31merror[39m: ORA-00904: "MAHBUB123": invalid identifier
2021-11-07T20:21:41.356Z [BoilerPlate] [31merror[39m: ORA-00904: "MAHBUB123": invalid identifier
2021-11-07T20:22:36.633Z [BoilerPlate] [31merror[39m: ORA-00904: "MAHBUB123": invalid identifier
2021-11-07T20:25:41.790Z [BoilerPlate] [31merror[39m: ORA-00904: "MAHBUB123": invalid identifier
2021-11-07T20:27:07.946Z [BoilerPlate] [31merror[39m: ORA-00904: "MAHBUB123": invalid identifier
2021-11-07T20:35:53.217Z [BoilerPlate] [31merror[39m: ORA-12170: TNS:Connect timeout occurred
2021-11-07T20:36:36.535Z [BoilerPlate] [31merror[39m: ORA-00904: "MAHBUB123": invalid identifier
2021-11-07T20:38:41.202Z [BoilerPlate] [31merror[39m: ORA-00904: "MAHBUB123": invalid identifier
2021-11-07T20:40:31.760Z [BoilerPlate] [31merror[39m: Cannot read property 'forEach' of undefined
2021-11-07T20:46:58.114Z [BoilerPlate] [31merror[39m: ORA-00001: unique constraint (ABDIKADIR.SYS_C0011150) violated
2021-11-07T20:48:21.975Z [BoilerPlate] [31merror[39m: Cannot read property 'forEach' of undefined
2021-11-07T20:48:59.753Z [BoilerPlate] [31merror[39m: Cannot read property 'forEach' of undefined
2021-11-07T20:58:07.553Z [BoilerPlate] [31merror[39m: util.parseDatabaseObject is not a function
2021-11-07T20:59:59.387Z [BoilerPlate] [31merror[39m: NJS-077: Oracle Client library has already been initialized
2021-11-07T21:02:52.998Z [BoilerPlate] [31merror[39m: NJS-077: Oracle Client library has already been initialized
2021-11-07T21:06:38.349Z [BoilerPlate] [31merror[39m: ORA-00904: "MAHBUB123": invalid identifier
2021-11-07T21:13:25.974Z [BoilerPlate] [31merror[39m: ORA-00904: "MAHBUB123": invalid identifier
2021-11-07T21:13:38.604Z [BoilerPlate] [31merror[39m: NJS-077: Oracle Client library has already been initialized
2021-11-07T21:15:01.695Z [BoilerPlate] [31merror[39m: ORA-00904: "MAHBUB123": invalid identifier
2021-11-07T21:18:08.591Z [BoilerPlate] [31merror[39m: ORA-00904: "MAHBUB123": invalid identifier
2021-11-07T21:19:03.189Z [BoilerPlate] [31merror[39m: ORA-00904: "MAHBUB123": invalid identifier
2021-11-07T21:28:31.677Z [BoilerPlate] [31merror[39m: NJS-077: Oracle Client library has already been initialized
2021-11-07T21:32:16.491Z [BoilerPlate] [31merror[39m: NJS-077: Oracle Client library has already been initialized
2021-11-07T21:32:36.565Z [BoilerPlate] [31merror[39m: ORA-00904: "UNDEFINED": invalid identifier
2021-11-07T21:37:07.721Z [BoilerPlate] [31merror[39m: ORA-00904: "UNDEFINED": invalid identifier
2021-11-07T21:38:05.695Z [BoilerPlate] [31merror[39m: ORA-00911: invalid character
2021-11-07T21:46:05.592Z [BoilerPlate] [31merror[39m: ORA-00904: "UNDEFINED": invalid identifier
2021-11-07T21:47:07.168Z [BoilerPlate] [31merror[39m: ORA-00904: "ID": invalid identifier
2021-11-07T21:47:36.698Z [BoilerPlate] [31merror[39m: ORA-00904: "ID": invalid identifier
2021-11-08T05:58:38.562Z [BoilerPlate] [31merror[39m: ORA-00942: table or view does not exist
2021-11-08T06:38:04.180Z [BoilerPlate] [31merror[39m: ORA-00001: unique constraint (ABDIKADIR.SYS_C0011137) violated
2021-11-08T06:39:57.793Z [BoilerPlate] [31merror[39m: Cannot read property 'forEach' of undefined
2021-11-08T11:10:12.161Z [BoilerPlate] [31merror[39m: ORA-00904: "MAHBUB123": invalid identifier
2021-11-08T11:16:17.435Z [BoilerPlate] [31merror[39m: ORA-00904: "MAHBUB123": invalid identifier
2021-11-08T12:04:15.992Z [BoilerPlate] [31merror[39m: NJS-005: invalid value for parameter 2
2021-11-09T11:45:28.348Z [BoilerPlate] [31merror[39m: NJS-005: invalid value for parameter 2
2021-11-09T11:50:37.864Z [BoilerPlate] [31merror[39m: NJS-005: invalid value for parameter 2
2021-11-09T11:54:45.591Z [BoilerPlate] [31merror[39m: NJS-005: invalid value for parameter 2
2021-11-09T11:58:16.604Z [BoilerPlate] [31merror[39m: params is not defined
2021-11-09T12:00:45.216Z [BoilerPlate] [31merror[39m: ORA-00904: "MAHBUB123": invalid identifier
2021-11-09T21:59:51.201Z [BoilerPlate] [31merror[39m: ORA-00001: unique constraint (ABDIKADIR.USERS_PK) violated
2021-11-09T22:01:41.833Z [BoilerPlate] [31merror[39m: ORA-00001: unique constraint (ABDIKADIR.USERS_PK) violated
2021-11-09T22:04:07.736Z [BoilerPlate] [31merror[39m: Cannot read property 'forEach' of undefined
2021-11-09T22:31:01.270Z [BoilerPlate] [31merror[39m: NJS-005: invalid value for parameter 2
2021-11-09T22:31:01.505Z [BoilerPlate] [31merror[39m: NJS-005: invalid value for parameter 2
2021-11-09T22:44:57.523Z [BoilerPlate] [31merror[39m: NJS-005: invalid value for parameter 2
2021-11-09T22:49:32.669Z [BoilerPlate] [31merror[39m: NJS-005: invalid value for parameter 2
2021-11-11T05:58:33.267Z [BoilerPlate] [31merror[39m: ORA-00904: "UR"."userId": invalid identifier
2021-11-11T05:59:58.202Z [BoilerPlate] [31merror[39m: ORA-12170: TNS:Connect timeout occurred
2021-11-11T06:37:11.307Z [BoilerPlate] [31merror[39m: ORA-12560: TNS:protocol adapter error
2021-11-11T08:48:58.313Z [BoilerPlate] [31merror[39m: ORA-12560: TNS:protocol adapter error
2021-11-12T08:23:54.253Z [BoilerPlate] [31merror[39m: ORA-00904: "UR"."userId": invalid identifier
2021-11-12T08:25:20.517Z [BoilerPlate] [31merror[39m: ORA-00904: "UR"."userId": invalid identifier
2021-11-12T08:26:26.757Z [BoilerPlate] [31merror[39m: ORA-00904: "UR"."userId": invalid identifier
2021-11-12T08:34:59.343Z [BoilerPlate] [31merror[39m: NJS-005: invalid value for parameter 2
2021-11-12T15:21:48.650Z [BoilerPlate] [31merror[39m: ORA-02289: sequence does not exist
2021-11-12T15:36:59.602Z [BoilerPlate] [31merror[39m: ORA-02289: sequence does not exist
2021-11-12T15:42:51.314Z [BoilerPlate] [31merror[39m: ORA-02289: sequence does not exist
2021-11-12T16:13:19.775Z [BoilerPlate] [31merror[39m: ORA-02289: sequence does not exist
2021-11-12T16:14:10.853Z [BoilerPlate] [31merror[39m: ORA-02289: sequence does not exist
